{"/srv/share/projects/job-index/packages/domain/src/decide/Access.ts": {"path":"/srv/share/projects/job-index/packages/domain/src/decide/Access.ts","statementMap":{"0":{"start":{"line":19,"column":24},"end":{"line":23,"column":null}},"1":{"start":{"line":26,"column":64},"end":{"line":29,"column":null}},"2":{"start":{"line":32,"column":13},"end":{"line":33,"column":null}},"3":{"start":{"line":33,"column":2},"end":{"line":33,"column":null}},"4":{"start":{"line":54,"column":13},"end":{"line":61,"column":null}},"5":{"start":{"line":55,"column":2},"end":{"line":57,"column":null}},"6":{"start":{"line":56,"column":4},"end":{"line":56,"column":null}},"7":{"start":{"line":58,"column":2},"end":{"line":60,"column":null}}},"fnMap":{"0":{"name":"(anonymous_0)","decl":{"start":{"line":32,"column":13},"end":{"line":32,"column":24}},"loc":{"start":{"line":33,"column":2},"end":{"line":33,"column":null}}},"1":{"name":"(anonymous_1)","decl":{"start":{"line":54,"column":13},"end":{"line":54,"column":28}},"loc":{"start":{"line":54,"column":79},"end":{"line":61,"column":null}}}},"branchMap":{"0":{"loc":{"start":{"line":55,"column":2},"end":{"line":57,"column":null}},"type":"if","locations":[{"start":{"line":55,"column":2},"end":{"line":57,"column":null}},{"start":{},"end":{}}]},"1":{"loc":{"start":{"line":58,"column":9},"end":{"line":60,"column":null}},"type":"cond-expr","locations":[{"start":{"line":59,"column":6},"end":{"line":59,"column":null}},{"start":{"line":60,"column":6},"end":{"line":60,"column":null}}]}},"s":{"0":2,"1":2,"2":2,"3":506,"4":2,"5":406,"6":277,"7":129},"f":{"0":506,"1":406},"b":{"0":[277,129],"1":[31,98]}}
}
